<?xml version="1.0" encoding="UTF-8"?>
<testng-results ignored="0" total="2" passed="2" failed="0" skipped="0">
  <reporter-output>
  </reporter-output>
  <suite started-at="2022-09-05T18:18:10Z" name="Default suite" finished-at="2022-09-05T18:18:44Z" duration-ms="33491">
    <groups>
    </groups>
    <test started-at="2022-09-05T18:18:10Z" name="Default test" finished-at="2022-09-05T18:18:44Z" duration-ms="33491">
      <class name="Login_Page.AsianUserSystem">
        <test-method is-config="true" signature="DriverLaunch()[pri:0, instance:Login_Page.AsianUserSystem@402c4085]" started-at="2022-09-05T18:18:10Z" name="DriverLaunch" finished-at="2022-09-05T18:18:25Z" duration-ms="14626" status="PASS">
          <reporter-output>
          </reporter-output>
        </test-method> <!-- DriverLaunch -->
        <test-method signature="loginTest1()[pri:0, instance:Login_Page.AsianUserSystem@402c4085]" started-at="2022-09-05T18:18:25Z" name="loginTest1" finished-at="2022-09-05T18:18:30Z" duration-ms="5097" status="PASS">
          <reporter-output>
          </reporter-output>
        </test-method> <!-- loginTest1 -->
        <test-method is-config="true" signature="closeBrowser()[pri:0, instance:Login_Page.AsianUserSystem@402c4085]" started-at="2022-09-05T18:18:30Z" name="closeBrowser" finished-at="2022-09-05T18:18:31Z" duration-ms="832" status="PASS">
          <reporter-output>
          </reporter-output>
        </test-method> <!-- closeBrowser -->
        <test-method is-config="true" signature="DriverLaunch()[pri:0, instance:Login_Page.AsianUserSystem@402c4085]" started-at="2022-09-05T18:18:31Z" name="DriverLaunch" finished-at="2022-09-05T18:18:43Z" duration-ms="12100" status="PASS">
          <reporter-output>
          </reporter-output>
        </test-method> <!-- DriverLaunch -->
        <test-method signature="loginTest2()[pri:0, instance:Login_Page.AsianUserSystem@402c4085]" started-at="2022-09-05T18:18:43Z" name="loginTest2" finished-at="2022-09-05T18:18:44Z" duration-ms="699" status="PASS">
          <reporter-output>
          </reporter-output>
        </test-method> <!-- loginTest2 -->
        <test-method is-config="true" signature="closeBrowser()[pri:0, instance:Login_Page.AsianUserSystem@402c4085]" started-at="2022-09-05T18:18:44Z" name="closeBrowser" finished-at="2022-09-05T18:18:44Z" duration-ms="85" status="PASS">
          <reporter-output>
          </reporter-output>
        </test-method> <!-- closeBrowser -->
      </class> <!-- Login_Page.AsianUserSystem -->
    </test> <!-- Default test -->
  </suite> <!-- Default suite -->
</testng-results>
