<?xml version="1.0" encoding="UTF-8"?>
<testng-results ignored="0" total="1" passed="1" failed="0" skipped="0">
  <reporter-output>
  </reporter-output>
  <suite started-at="2022-01-23T14:00:20Z" name="Default suite" finished-at="2022-01-23T14:00:34Z" duration-ms="13852">
    <groups>
    </groups>
    <test started-at="2022-01-23T14:00:20Z" name="Default test" finished-at="2022-01-23T14:00:34Z" duration-ms="13852">
      <class name="scripts.TC02">
        <test-method is-config="true" signature="report()[pri:0, instance:scripts.TC02@606e4010]" started-at="2022-01-23T14:00:20Z" name="report" finished-at="2022-01-23T14:00:20Z" duration-ms="200" status="PASS">
          <reporter-output>
          </reporter-output>
        </test-method> <!-- report -->
        <test-method is-config="true" signature="beforeClass()[pri:0, instance:scripts.TC02@606e4010]" started-at="2022-01-23T14:00:20Z" name="beforeClass" finished-at="2022-01-23T14:00:24Z" duration-ms="3717" status="PASS">
          <reporter-output>
          </reporter-output>
        </test-method> <!-- beforeClass -->
        <test-method is-config="true" signature="method(java.lang.reflect.Method)[pri:0, instance:scripts.TC02@606e4010]" started-at="2022-01-23T14:00:24Z" name="method" finished-at="2022-01-23T14:00:24Z" duration-ms="8" status="PASS">
          <params>
            <param index="0">
              <value>
                <![CDATA[public void scripts.TC02.testLogin_Redirect() throws java.io.IOException]]>
              </value>
            </param>
          </params>
          <reporter-output>
          </reporter-output>
        </test-method> <!-- method -->
        <test-method signature="testLogin_Redirect()[pri:0, instance:scripts.TC02@606e4010]" started-at="2022-01-23T14:00:24Z" name="testLogin_Redirect" finished-at="2022-01-23T14:00:33Z" duration-ms="9080" status="PASS">
          <reporter-output>
          </reporter-output>
        </test-method> <!-- testLogin_Redirect -->
        <test-method is-config="true" signature="afterClass()[pri:0, instance:scripts.TC02@606e4010]" started-at="2022-01-23T14:00:33Z" name="afterClass" finished-at="2022-01-23T14:00:34Z" duration-ms="804" status="PASS">
          <reporter-output>
          </reporter-output>
        </test-method> <!-- afterClass -->
      </class> <!-- scripts.TC02 -->
    </test> <!-- Default test -->
  </suite> <!-- Default suite -->
</testng-results>
